Build started 16/6/2017 13:21:46.
     1>Project "D:\Projects\Git\RTSAConverter\RTSAConverter\RTSAConverter\RTSAConverter.vcxproj" on node 2 (Build target(s)).
     1>ClCompile:
         C:\Program Files (x86)\Microsoft Visual Studio 14.0\VC\bin\CL.exe /c /I"C:\Program Files\Autodesk\FBX\FBX SDK\2017.1\include" /ZI /nologo /W3 /WX- /sdl /Od /Oy- /D WIN32 /D _DEBUG /D _CONSOLE /D _UNICODE /D UNICODE /Gm /EHsc /RTC1 /MDd /GS /fp:precise /Zc:wchar_t /Zc:forScope /Zc:inline /Fo"Debug\\" /Fd"Debug\vc140.pdb" /Gd /TP /analyze- /errorReport:prompt Source.cpp
         Source.cpp
       Link:
         C:\Program Files (x86)\Microsoft Visual Studio 14.0\VC\bin\link.exe /ERRORREPORT:PROMPT /OUT:"D:\Projects\Git\RTSAConverter\RTSAConverter\Debug\RTSAConverter.exe" /INCREMENTAL /NOLOGO /LIBPATH:"C:\Program Files\Autodesk\FBX\FBX SDK\2017.1\lib\vs2015\x64\debug" kernel32.lib user32.lib gdi32.lib winspool.lib comdlg32.lib advapi32.lib shell32.lib ole32.lib oleaut32.lib uuid.lib odbc32.lib odbccp32.lib /MANIFEST /MANIFESTUAC:"level='asInvoker' uiAccess='false'" /manifest:embed /Debug /PDB:"D:\Projects\Git\RTSAConverter\RTSAConverter\Debug\RTSAConverter.pdb" /SUBSYSTEM:CONSOLE /TLBID:1 /DYNAMICBASE /NXCOMPAT /IMPLIB:"D:\Projects\Git\RTSAConverter\RTSAConverter\Debug\RTSAConverter.lib" /MACHINE:X86 Debug\Source.obj
     1>Source.obj : error LNK2019: unresolved external symbol "void __cdecl fbxsdk::_FbxAssert(char const *,char const *,unsigned int,bool,char const *,...)" (?_FbxAssert@fbxsdk@@YAXPBD0I_N0ZZ) referenced in function "protected: void __thiscall fbxsdk::FbxRedBlackTree<class fbxsdk::FbxMap<class fbxsdk::FbxString,class fbxsdk::FbxObject *,struct fbxsdk::FbxStringCompare,class fbxsdk::FbxBaseAllocator>::KeyValuePair,struct fbxsdk::FbxStringCompare,class fbxsdk::FbxBaseAllocator>::FixNodesAfterRemoval(class fbxsdk::FbxRedBlackTree<class fbxsdk::FbxMap<class fbxsdk::FbxString,class fbxsdk::FbxObject *,struct fbxsdk::FbxStringCompare,class fbxsdk::FbxBaseAllocator>::KeyValuePair,struct fbxsdk::FbxStringCompare,class fbxsdk::FbxBaseAllocator>::RecordType *,class fbxsdk::FbxRedBlackTree<class fbxsdk::FbxMap<class fbxsdk::FbxString,class fbxsdk::FbxObject *,struct fbxsdk::FbxStringCompare,class fbxsdk::FbxBaseAllocator>::KeyValuePair,struct fbxsdk::FbxStringCompare,class fbxsdk::FbxBaseAllocator>::RecordType *)" (?FixNodesAfterRemoval@?$FbxRedBlackTree@VKeyValuePair@?$FbxMap@VFbxString@fbxsdk@@PAVFbxObject@2@UFbxStringCompare@2@VFbxBaseAllocator@2@@fbxsdk@@UFbxStringCompare@3@VFbxBaseAllocator@3@@fbxsdk@@IAEXPAVRecordType@12@0@Z)
     1>Source.obj : error LNK2019: unresolved external symbol "void * __cdecl fbxsdk::FbxMalloc(unsigned int)" (?FbxMalloc@fbxsdk@@YAPAXI@Z) referenced in function "public: void * __thiscall fbxsdk::FbxBaseAllocator::AllocateRecords(unsigned int)" (?AllocateRecords@FbxBaseAllocator@fbxsdk@@QAEPAXI@Z)
     1>Source.obj : error LNK2019: unresolved external symbol "void __cdecl fbxsdk::FbxFree(void *)" (?FbxFree@fbxsdk@@YAXPAX@Z) referenced in function "public: void __thiscall fbxsdk::FbxBaseAllocator::FreeMemory(void *)" (?FreeMemory@FbxBaseAllocator@fbxsdk@@QAEXPAX@Z)
     1>Source.obj : error LNK2019: unresolved external symbol "public: __thiscall fbxsdk::FbxString::FbxString(class fbxsdk::FbxString const &)" (??0FbxString@fbxsdk@@QAE@ABV01@@Z) referenced in function "public: __thiscall fbxsdk::FbxPair<class fbxsdk::FbxString const ,class fbxsdk::FbxObject *>::FbxPair<class fbxsdk::FbxString const ,class fbxsdk::FbxObject *>(class fbxsdk::FbxPair<class fbxsdk::FbxString const ,class fbxsdk::FbxObject *> const &)" (??0?$FbxPair@$$CBVFbxString@fbxsdk@@PAVFbxObject@2@@fbxsdk@@QAE@ABV01@@Z)
     1>Source.obj : error LNK2019: unresolved external symbol "public: __thiscall fbxsdk::FbxString::~FbxString(void)" (??1FbxString@fbxsdk@@QAE@XZ) referenced in function "public: __thiscall fbxsdk::FbxPair<class fbxsdk::FbxString const ,class fbxsdk::FbxObject *>::~FbxPair<class fbxsdk::FbxString const ,class fbxsdk::FbxObject *>(void)" (??1?$FbxPair@$$CBVFbxString@fbxsdk@@PAVFbxObject@2@@fbxsdk@@QAE@XZ)
     1>Source.obj : error LNK2019: unresolved external symbol "public: __thiscall fbxsdk::FbxString::operator char const *(void)const " (??BFbxString@fbxsdk@@QBEPBDXZ) referenced in function "public: int __thiscall fbxsdk::FbxStringCompare::operator()(class fbxsdk::FbxString const &,class fbxsdk::FbxString const &)const " (??RFbxStringCompare@fbxsdk@@QBEHABVFbxString@1@0@Z)
     1>Source.obj : error LNK2019: unresolved external symbol "public: int __thiscall fbxsdk::FbxString::Compare(char const *)const " (?Compare@FbxString@fbxsdk@@QBEHPBD@Z) referenced in function "public: int __thiscall fbxsdk::FbxStringCompare::operator()(class fbxsdk::FbxString const &,class fbxsdk::FbxString const &)const " (??RFbxStringCompare@fbxsdk@@QBEHABVFbxString@1@0@Z)
     1>Source.obj : error LNK2019: unresolved external symbol "public: void __thiscall fbxsdk::FbxObject::Destroy(bool)" (?Destroy@FbxObject@fbxsdk@@QAEX_N@Z) referenced in function _main
     1>Source.obj : error LNK2019: unresolved external symbol "public: static class fbxsdk::FbxManager * __cdecl fbxsdk::FbxManager::Create(void)" (?Create@FbxManager@fbxsdk@@SAPAV12@XZ) referenced in function _main
     1>Source.obj : error LNK2019: unresolved external symbol "public: static class fbxsdk::FbxIOSettings * __cdecl fbxsdk::FbxIOSettings::Create(class fbxsdk::FbxManager *,char const *)" (?Create@FbxIOSettings@fbxsdk@@SAPAV12@PAVFbxManager@2@PBD@Z) referenced in function _main
     1>Source.obj : error LNK2019: unresolved external symbol "public: static class fbxsdk::FbxImporter * __cdecl fbxsdk::FbxImporter::Create(class fbxsdk::FbxManager *,char const *)" (?Create@FbxImporter@fbxsdk@@SAPAV12@PAVFbxManager@2@PBD@Z) referenced in function _main
     1>D:\Projects\Git\RTSAConverter\RTSAConverter\Debug\RTSAConverter.exe : fatal error LNK1120: 11 unresolved externals
     1>Done Building Project "D:\Projects\Git\RTSAConverter\RTSAConverter\RTSAConverter\RTSAConverter.vcxproj" (Build target(s)) -- FAILED.

Build FAILED.

Time Elapsed 00:00:02.14
